mysqld, Version: 10.5.9-MariaDB-1:10.5.9+maria~focal-log (mariadb.org binary distribution). started with:
Tcp port: 0  Unix socket: /run/mysqld/mysqld.sock
Time		    Id Command	Argument
# Time: 210326  9:00:54
# User@Host: root[root] @ localhost []
# Thread_id: 4  Schema: mysql  QC_hit: No
# Query_time: 1.155915  Lock_time: 0.025717  Rows_sent: 0  Rows_examined: 0
# Rows_affected: 124286  Bytes_sent: 116
use mysql;
SET timestamp=1616749254;
/*!100400 ALTER TABLE time_zone_transition TRANSACTIONAL=1 */;
mysqld, Version: 10.5.9-MariaDB-1:10.5.9+maria~focal-log (mariadb.org binary distribution). started with:
Tcp port: 0  Unix socket: /run/mysqld/mysqld.sock
Time		    Id Command	Argument
mysqld, Version: 10.5.9-MariaDB-1:10.5.9+maria~focal-log (mariadb.org binary distribution). started with:
Tcp port: 0  Unix socket: /run/mysqld/mysqld.sock
Time		    Id Command	Argument
mysqld, Version: 10.5.9-MariaDB-1:10.5.9+maria~focal-log (mariadb.org binary distribution). started with:
Tcp port: 0  Unix socket: /run/mysqld/mysqld.sock
Time		    Id Command	Argument
mysqld, Version: 10.5.9-MariaDB-1:10.5.9+maria~focal-log (mariadb.org binary distribution). started with:
Tcp port: 0  Unix socket: /run/mysqld/mysqld.sock
Time		    Id Command	Argument
mysqld, Version: 10.5.9-MariaDB-1:10.5.9+maria~focal-log (mariadb.org binary distribution). started with:
Tcp port: 0  Unix socket: /run/mysqld/mysqld.sock
Time		    Id Command	Argument
mysqld, Version: 10.5.9-MariaDB-1:10.5.9+maria~focal-log (mariadb.org binary distribution). started with:
Tcp port: 0  Unix socket: /run/mysqld/mysqld.sock
Time		    Id Command	Argument
mysqld, Version: 10.5.9-MariaDB-1:10.5.9+maria~focal-log (mariadb.org binary distribution). started with:
Tcp port: 0  Unix socket: /run/mysqld/mysqld.sock
Time		    Id Command	Argument
mysqld, Version: 10.5.9-MariaDB-1:10.5.9+maria~focal-log (mariadb.org binary distribution). started with:
Tcp port: 0  Unix socket: /run/mysqld/mysqld.sock
Time		    Id Command	Argument
mysqld, Version: 10.5.9-MariaDB-1:10.5.9+maria~focal-log (mariadb.org binary distribution). started with:
Tcp port: 0  Unix socket: /run/mysqld/mysqld.sock
Time		    Id Command	Argument
mysqld, Version: 10.5.9-MariaDB-1:10.5.9+maria~focal-log (mariadb.org binary distribution). started with:
Tcp port: 0  Unix socket: /run/mysqld/mysqld.sock
Time		    Id Command	Argument
mysqld, Version: 10.5.9-MariaDB-1:10.5.9+maria~focal-log (mariadb.org binary distribution). started with:
Tcp port: 0  Unix socket: /run/mysqld/mysqld.sock
Time		    Id Command	Argument
mysqld, Version: 10.5.9-MariaDB-1:10.5.9+maria~focal-log (mariadb.org binary distribution). started with:
Tcp port: 0  Unix socket: /run/mysqld/mysqld.sock
Time		    Id Command	Argument
mysqld, Version: 10.5.9-MariaDB-1:10.5.9+maria~focal-log (mariadb.org binary distribution). started with:
Tcp port: 0  Unix socket: /run/mysqld/mysqld.sock
Time		    Id Command	Argument
mysqld, Version: 10.5.9-MariaDB-1:10.5.9+maria~focal-log (mariadb.org binary distribution). started with:
Tcp port: 0  Unix socket: /run/mysqld/mysqld.sock
Time		    Id Command	Argument
mysqld, Version: 10.5.9-MariaDB-1:10.5.9+maria~focal-log (mariadb.org binary distribution). started with:
Tcp port: 0  Unix socket: /run/mysqld/mysqld.sock
Time		    Id Command	Argument
mysqld, Version: 10.5.9-MariaDB-1:10.5.9+maria~focal-log (mariadb.org binary distribution). started with:
Tcp port: 0  Unix socket: /run/mysqld/mysqld.sock
Time		    Id Command	Argument
mysqld, Version: 10.5.9-MariaDB-1:10.5.9+maria~focal-log (mariadb.org binary distribution). started with:
Tcp port: 0  Unix socket: /run/mysqld/mysqld.sock
Time		    Id Command	Argument
mysqld, Version: 10.5.9-MariaDB-1:10.5.9+maria~focal-log (mariadb.org binary distribution). started with:
Tcp port: 0  Unix socket: /run/mysqld/mysqld.sock
Time		    Id Command	Argument
mysqld, Version: 10.5.9-MariaDB-1:10.5.9+maria~focal-log (mariadb.org binary distribution). started with:
Tcp port: 0  Unix socket: /run/mysqld/mysqld.sock
Time		    Id Command	Argument
mysqld, Version: 10.5.9-MariaDB-1:10.5.9+maria~focal-log (mariadb.org binary distribution). started with:
Tcp port: 0  Unix socket: /run/mysqld/mysqld.sock
Time		    Id Command	Argument
mysqld, Version: 10.5.9-MariaDB-1:10.5.9+maria~focal-log (mariadb.org binary distribution). started with:
Tcp port: 0  Unix socket: /run/mysqld/mysqld.sock
Time		    Id Command	Argument
mysqld, Version: 10.5.9-MariaDB-1:10.5.9+maria~focal-log (mariadb.org binary distribution). started with:
Tcp port: 0  Unix socket: /run/mysqld/mysqld.sock
Time		    Id Command	Argument
mysqld, Version: 10.5.9-MariaDB-1:10.5.9+maria~focal-log (mariadb.org binary distribution). started with:
Tcp port: 0  Unix socket: /run/mysqld/mysqld.sock
Time		    Id Command	Argument
mysqld, Version: 10.5.9-MariaDB-1:10.5.9+maria~focal-log (mariadb.org binary distribution). started with:
Tcp port: 0  Unix socket: /run/mysqld/mysqld.sock
Time		    Id Command	Argument
mysqld, Version: 10.5.9-MariaDB-1:10.5.9+maria~focal-log (mariadb.org binary distribution). started with:
Tcp port: 0  Unix socket: /run/mysqld/mysqld.sock
Time		    Id Command	Argument
mysqld, Version: 10.5.9-MariaDB-1:10.5.9+maria~focal-log (mariadb.org binary distribution). started with:
Tcp port: 0  Unix socket: /run/mysqld/mysqld.sock
Time		    Id Command	Argument
